<?xml version="1.0" encoding="UTF-8"?>
<!-- Generated by org.testng.reporters.JUnitReportReporter -->
<testsuite hostname="Kavyas-MacBook-Air.local" failures="0" tests="1" name="com.test.LoginTest" time="8.855" errors="0" timestamp="2022-10-19T00:37:32 IST" skipped="0">
  <testcase classname="com.test.LoginTest" name="loginTest" time="8.855"/>
  <system-out/>
</testsuite> <!-- com.test.LoginTest -->
